----------------------------------------------------------------
Thu Aug 02 19:59:33 MDT 2018:
Booting Derby version The Apache Software Foundation - Apache Derby - 10.14.2.0 - (1828579): instance a816c00e-0164-fd82-ec22-00000c7e4400 
on database directory /home/chris/workspaces/CELIAS/git/amt/target/AMTDS with class loader jdk.internal.loader.ClassLoaders$AppClassLoader@1de0aca6 
Loaded from file:/home/chris/.m2/repository/org/apache/derby/derby/10.14.2.0/derby-10.14.2.0.jar
java.vendor=Oracle Corporation
java.runtime.version=10.0.2+13
user.dir=/home/chris/workspaces/CELIAS/git/amt
os.name=Linux
os.arch=amd64
os.version=4.17.9-200.fc28.x86_64
derby.system.home=null
Database Class Loader started - derby.database.classpath=''
----------------------------------------------------------------
Thu Aug 02 19:59:34 MDT 2018:
Shutting down instance a816c00e-0164-fd82-ec22-00000c7e4400 on database directory /home/chris/workspaces/CELIAS/git/amt/target/AMTDS with class loader jdk.internal.loader.ClassLoaders$AppClassLoader@1de0aca6 
----------------------------------------------------------------
Thu Aug 02 19:59:34 MDT 2018:
Booting Derby version The Apache Software Foundation - Apache Derby - 10.14.2.0 - (1828579): instance 6965c036-0164-fd82-ec22-00000c7e4400 
on database directory /home/chris/workspaces/CELIAS/git/amt/target/AMTDS with class loader jdk.internal.loader.ClassLoaders$AppClassLoader@1de0aca6 
Loaded from file:/home/chris/.m2/repository/org/apache/derby/derby/10.14.2.0/derby-10.14.2.0.jar
java.vendor=Oracle Corporation
java.runtime.version=10.0.2+13
user.dir=/home/chris/workspaces/CELIAS/git/amt
os.name=Linux
os.arch=amd64
os.version=4.17.9-200.fc28.x86_64
derby.system.home=null
Database Class Loader started - derby.database.classpath=''
----------------------------------------------------------------
Thu Aug 02 19:59:34 MDT 2018:
Shutting down instance 6965c036-0164-fd82-ec22-00000c7e4400 on database directory /home/chris/workspaces/CELIAS/git/amt/target/AMTDS with class loader jdk.internal.loader.ClassLoaders$AppClassLoader@1de0aca6 
